C51 COMPILER V9.50a   COUNTER0MODE0                                                        01/04/2023 14:26:54 PAGE 1   


C51 COMPILER V9.50a, COMPILATION OF MODULE COUNTER0MODE0
OBJECT MODULE PLACED IN .\counter0mode0.obj
COMPILER INVOKED BY: C:\Keil\C51\BIN\C51.EXE ..\timer_counter\counter0mode0.c BROWSE DEBUG OBJECTEXTEND PRINT(.\counter0
                    -mode0.lst) TABS(2) OBJECT(.\counter0mode0.obj)

line level    source

   1          //5 external events using counter 0 mode 0 
   2          #include<reg51.h>
   3          sbit led = P2^0;
   4          void main()
   5          {
   6   1        TMOD = 0x04;//counter 0 mode 0 selected
   7   1        TR0 = 1;//strt counter 0
   8   1        while(TL0 < 5);
   9   1        led = 0;//turn on AL led
  10   1        led = 1;//turn off AL led
  11   1        TR0 = 0;//stop counter
  12   1        while(1);
  13   1      }


MODULE INFORMATION:   STATIC OVERLAYABLE
   CODE SIZE        =     20    ----
   CONSTANT SIZE    =   ----    ----
   XDATA SIZE       =   ----    ----
   PDATA SIZE       =   ----    ----
   DATA SIZE        =   ----    ----
   IDATA SIZE       =   ----    ----
   BIT SIZE         =   ----    ----
END OF MODULE INFORMATION.


C51 COMPILATION COMPLETE.  0 WARNING(S),  0 ERROR(S)
