C51 COMPILER V9.50a   DELAY_1MS                                                            01/12/2023 09:58:40 PAGE 1   


C51 COMPILER V9.50a, COMPILATION OF MODULE DELAY_1MS
OBJECT MODULE PLACED IN delay_1ms.OBJ
COMPILER INVOKED BY: C:\Keil\C51\BIN\C51.EXE delay_1ms.c BROWSE DEBUG OBJECTEXTEND TABS(2)

line level    source

   1          void delay_1ms(int dly)
   2          {
   3   1        unsigned char d;
   4   1          for(;dly>0;dly--)
   5   1          {
   6   2            for(d=250;d>0;d--);
   7   2            for(d=247;d>0;d--);
   8   2          }
   9   1      }


MODULE INFORMATION:   STATIC OVERLAYABLE
   CODE SIZE        =     27    ----
   CONSTANT SIZE    =   ----    ----
   XDATA SIZE       =   ----    ----
   PDATA SIZE       =   ----    ----
   DATA SIZE        =   ----    ----
   IDATA SIZE       =   ----    ----
   BIT SIZE         =   ----    ----
END OF MODULE INFORMATION.


C51 COMPILATION COMPLETE.  0 WARNING(S),  0 ERROR(S)
