C51 COMPILER V9.50a   I2C_HEADER                                                           01/12/2023 09:58:40 PAGE 1   


C51 COMPILER V9.50a, COMPILATION OF MODULE I2C_HEADER
OBJECT MODULE PLACED IN i2c_header.OBJ
COMPILER INVOKED BY: C:\Keil\C51\BIN\C51.EXE i2c_header.c BROWSE DEBUG OBJECTEXTEND TABS(2)

line level    source

   1          #include<reg51.h>
   2          #include<intrins.h>
   3          #include"delay_1ms.c"
   4          sbit scl = P3^6;
   5          sbit sda = P3^7;
   6          void i2c_start(void)
   7          {
   8   1        scl = 1;
   9   1        sda = 1;
  10   1        sda = 0;
  11   1      }
  12          
  13          void i2c_stop(void)
  14          {
  15   1        sda = 0;
  16   1        scl = 1;
  17   1        sda = 1;
  18   1      }
  19          
  20          void i2c_bytewrite(unsigned char d)
  21          {
  22   1        unsigned char j;
  23   1        for(j=0;j<8;j++)//msb first
  24   1        {
  25   2          scl = 0;
  26   2          sda = d&(0x80>>j)?1:0;
  27   2          scl = 1;
  28   2        }
  29   1      }
  30          
  31          unsigned char i2c_byteread(void)
  32          {
  33   1        unsigned char j,buf = 0;
  34   1        for(j=0;j<8;j++)//msb first
  35   1        {
  36   2          scl = 0;
  37   2          _nop_();
  38   2          scl = 1;
  39   2          if(sda)
  40   2            buf |= (0x80>>j);
  41   2        }
  42   1        return buf;
  43   1      }
  44          
  45          void i2c_ack(void)
  46          {
  47   1        scl = 0;
  48   1        sda = 1;
  49   1        scl = 1;
  50   1        while(sda == 1);
  51   1        scl = 0;
  52   1      }
  53          void i2c_noack(void)
  54          {
  55   1        scl = 0;
C51 COMPILER V9.50a   I2C_HEADER                                                           01/12/2023 09:58:40 PAGE 2   

  56   1        sda = 1;
  57   1        scl = 1;
  58   1        scl = 0;
  59   1      }
  60          void i2cdevwrite(unsigned char sa,unsigned char r_addr, unsigned char dat)
  61          {
  62   1        i2c_start();
  63   1        i2c_bytewrite(sa);
  64   1        i2c_ack();
  65   1        
  66   1        i2c_bytewrite(r_addr);
  67   1        i2c_ack();
  68   1        
  69   1        i2c_bytewrite(dat);
  70   1        i2c_ack();
  71   1        i2c_stop();
  72   1        delay_1ms(10);
  73   1      }
  74          unsigned char i2cdevread(unsigned char sa,unsigned char r_addr)
  75          {
  76   1        unsigned char buff;
  77   1        //dummy write
  78   1        i2c_start();
  79   1        i2c_bytewrite(sa);
  80   1        i2c_ack();
  81   1        i2c_bytewrite(r_addr);
  82   1        i2c_ack();
  83   1        
  84   1        //read operation
  85   1        i2c_start();
  86   1        i2c_bytewrite(sa|1);
  87   1        i2c_ack();
  88   1        
  89   1        buff = i2c_byteread();
  90   1        i2c_noack();
  91   1        i2c_stop();
  92   1        return buff;
  93   1      }


MODULE INFORMATION:   STATIC OVERLAYABLE
   CODE SIZE        =    203    ----
   CONSTANT SIZE    =   ----    ----
   XDATA SIZE       =   ----    ----
   PDATA SIZE       =   ----    ----
   DATA SIZE        =   ----    ----
   IDATA SIZE       =   ----    ----
   BIT SIZE         =   ----    ----
END OF MODULE INFORMATION.


C51 COMPILATION COMPLETE.  0 WARNING(S),  0 ERROR(S)
