C51 COMPILER V9.50a   FORCED                                                               12/22/2022 15:56:02 PAGE 1   


C51 COMPILER V9.50a, COMPILATION OF MODULE FORCED
OBJECT MODULE PLACED IN C:\ISP's\SP_ISP\bin\Debug\forced.obj
COMPILER INVOKED BY: C:\Keil\C51\BIN\C51.EXE ..\interrupts\forced.c BROWSE DEBUG OBJECTEXTEND PRINT(.\forced.lst) TABS(2
                    -) OBJECT(C:\ISP's\SP_ISP\bin\Debug\forced.obj)

line level    source

   1          #include<reg51.h>
   2          sbit LED0 = P1^0;
   3          sbit LED1 = P1^1;
   4          void ext_int0_ist(void) interrupt 0
   5          {
   6   1        LED0 = 0;
   7   1        LED0 = 1;
   8   1      }
   9          void ext_int1_ist(void) interrupt 2
  10          {
  11   1        LED1 = 0;
  12   1        LED1 = 1;
  13   1      }
  14          void main()
  15          {
  16   1        unsigned int cnt = 0;
  17   1        EA = 1;//global interrupt enable
  18   1        EX0 = 1;//External interrupt 0 enable 
  19   1        IT0 = 1;//falling edge triggering
  20   1        EX1 = 1;//External interrupt 1 enable 
  21   1        IT1 = 1;//falling edge triggering
  22   1        PX0 = 1;
  23   1        while(1)
  24   1        {
  25   2          cnt++;
  26   2        }
  27   1      }


MODULE INFORMATION:   STATIC OVERLAYABLE
   CODE SIZE        =     32    ----
   CONSTANT SIZE    =   ----    ----
   XDATA SIZE       =   ----    ----
   PDATA SIZE       =   ----    ----
   DATA SIZE        =   ----    ----
   IDATA SIZE       =   ----    ----
   BIT SIZE         =   ----    ----
END OF MODULE INFORMATION.


C51 COMPILATION COMPLETE.  0 WARNING(S),  0 ERROR(S)
