C51 COMPILER V9.50a   1234                                                                 12/16/2022 18:15:35 PAGE 1   


C51 COMPILER V9.50a, COMPILATION OF MODULE 1234
OBJECT MODULE PLACED IN C:\SP_ISP\bin\Debug\1234.obj
COMPILER INVOKED BY: C:\Keil\C51\BIN\C51.EXE 7seg\1234.c BROWSE DEBUG OBJECTEXTEND PRINT(.\1234.lst) TABS(2) OBJECT(C:\S
                    -P_ISP\bin\Debug\1234.obj)

line level    source

   1          #include<reg51.h>
   2          #include"delay_1ms.c"
   3          #define seg_d P2
   4          sbit seg1 = P1^0;
   5          sbit seg2 = P1^1;
   6          sbit seg3 = P1^2;
   7          sbit seg4 = P1^3;
   8          code unsigned char seg_lut[] = {0xc0,0xf9,0xa4,0xb0,0x99,0x92,0x82,0xf8,0x80,0x98};
   9          void disp_int(int);
  10          void main()
  11          {
  12   1        //P1= 0xf0;
  13   1        while(1)
  14   1        {
  15   2          disp_int(1234);
  16   2        }
  17   1      }
  18          void disp_int(int n)
  19          {
  20   1        seg_d = seg_lut[n/1000];
  21   1        seg1 = 0;
  22   1        delay_1ms(5);
  23   1        seg1 = 1;
  24   1        seg_d = seg_lut[(n/100)%10];  
  25   1        seg2 = 0;
  26   1        delay_1ms(5);
  27   1        seg2 = 1;
  28   1        seg_d = seg_lut[(n/10)%10];
  29   1        seg3 = 0;
  30   1        delay_1ms(5);
  31   1        seg3 = 1;
  32   1        seg_d = seg_lut[n%10];
  33   1        seg4 = 0;
  34   1        delay_1ms(5);
  35   1        seg4 = 1;
  36   1      }


MODULE INFORMATION:   STATIC OVERLAYABLE
   CODE SIZE        =    183    ----
   CONSTANT SIZE    =     10    ----
   XDATA SIZE       =   ----    ----
   PDATA SIZE       =   ----    ----
   DATA SIZE        =   ----    ----
   IDATA SIZE       =   ----    ----
   BIT SIZE         =   ----    ----
END OF MODULE INFORMATION.


C51 COMPILATION COMPLETE.  0 WARNING(S),  0 ERROR(S)
