C51 COMPILER V9.50a   ALTERNATE_LED                                                        03/25/2012 02:22:46 PAGE 1   


C51 COMPILER V9.50a, COMPILATION OF MODULE ALTERNATE_LED
OBJECT MODULE PLACED IN C:\ISP's\SP_ISP\bin\Debug\alternate_led.obj
COMPILER INVOKED BY: C:\Keil\C51\BIN\C51.EXE led_interfacing\alternate_led.c BROWSE DEBUG OBJECTEXTEND PRINT(.\alternate
                    -_led.lst) TABS(2) OBJECT(C:\ISP's\SP_ISP\bin\Debug\alternate_led.obj)

line level    source

   1          #include<reg51.h>
   2          #include"delay_1ms.c"
   3          #define LED P1
   4          void main()
   5          {
   6   1        while(1)
   7   1        {
   8   2          LED = 0x5A;//active low on
   9   2          delay_1ms(500);
  10   2          LED = 0xA5;//off
  11   2          delay_1ms(500);
  12   2        }
  13   1      }


MODULE INFORMATION:   STATIC OVERLAYABLE
   CODE SIZE        =     49    ----
   CONSTANT SIZE    =   ----    ----
   XDATA SIZE       =   ----    ----
   PDATA SIZE       =   ----    ----
   DATA SIZE        =   ----    ----
   IDATA SIZE       =   ----    ----
   BIT SIZE         =   ----    ----
END OF MODULE INFORMATION.


C51 COMPILATION COMPLETE.  0 WARNING(S),  0 ERROR(S)
