C51 COMPILER V9.50a   BINARY_COUNTER                                                       03/25/2012 02:25:31 PAGE 1   


C51 COMPILER V9.50a, COMPILATION OF MODULE BINARY_COUNTER
OBJECT MODULE PLACED IN C:\ISP's\SP_ISP\bin\Debug\binary_counter.obj
COMPILER INVOKED BY: C:\Keil\C51\BIN\C51.EXE led_interfacing\binary_counter.c BROWSE DEBUG OBJECTEXTEND PRINT(.\binary_c
                    -ounter.lst) TABS(2) OBJECT(C:\ISP's\SP_ISP\bin\Debug\binary_counter.obj)

line level    source

   1          #include<reg51.h>
   2          #include"delay_1ms.c"
   3          #define LED P1
   4          void main()
   5          {
   6   1        int i;
   7   1        for(i=0;i<256;i++)
   8   1        {
   9   2          LED=(i)^0x0f;
  10   2          delay_1ms(500);
  11   2        }
  12   1      }


MODULE INFORMATION:   STATIC OVERLAYABLE
   CODE SIZE        =     56    ----
   CONSTANT SIZE    =   ----    ----
   XDATA SIZE       =   ----    ----
   PDATA SIZE       =   ----    ----
   DATA SIZE        =   ----    ----
   IDATA SIZE       =   ----    ----
   BIT SIZE         =   ----    ----
END OF MODULE INFORMATION.


C51 COMPILATION COMPLETE.  0 WARNING(S),  0 ERROR(S)
