C51 COMPILER V9.50a   BLINK_LED                                                            03/25/2012 02:05:17 PAGE 1   


C51 COMPILER V9.50a, COMPILATION OF MODULE BLINK_LED
OBJECT MODULE PLACED IN C:\ISP's\SP_ISP\bin\Debug\blink_led.obj
COMPILER INVOKED BY: C:\Keil\C51\BIN\C51.EXE led_interfacing\blink_led.c BROWSE DEBUG OBJECTEXTEND PRINT(.\blink_led.lst
                    -) TABS(2) OBJECT(C:\ISP's\SP_ISP\bin\Debug\blink_led.obj)

line level    source

   1          #include<reg51.h>
   2          #include"delay_1ms.c"
   3          sbit LED = P1^0;
   4          void main()
   5          {
   6   1        while(1)
   7   1        {
   8   2          LED = 0;//active low on
   9   2          delay_1ms(500);
  10   2          LED = 1;//off
  11   2          delay_1ms(500);
  12   2        }
  13   1      }


MODULE INFORMATION:   STATIC OVERLAYABLE
   CODE SIZE        =     47    ----
   CONSTANT SIZE    =   ----    ----
   XDATA SIZE       =   ----    ----
   PDATA SIZE       =   ----    ----
   DATA SIZE        =   ----    ----
   IDATA SIZE       =   ----    ----
   BIT SIZE         =   ----    ----
END OF MODULE INFORMATION.


C51 COMPILATION COMPLETE.  0 WARNING(S),  0 ERROR(S)
