C51 COMPILER V9.50a   COUNTER0MODE1_STATUS                                                 11/27/2022 13:06:09 PAGE 1   


C51 COMPILER V9.50a, COMPILATION OF MODULE COUNTER0MODE1_STATUS
OBJECT MODULE PLACED IN C:\ISP's\SP_ISP\bin\Debug\counter0mode1_status.obj
COMPILER INVOKED BY: C:\Keil\C51\BIN\C51.EXE timer_counter\counter0mode1_status.c BROWSE DEBUG OBJECTEXTEND PRINT(.\coun
                    -ter0mode1_status.lst) TABS(2) OBJECT(C:\ISP's\SP_ISP\bin\Debug\counter0mode1_status.obj)

line level    source

   1          #include<reg51.h>
   2          sbit led = P2^0;
   3          void main()
   4          {
   5   1        int cnt = 0;
   6   1        TMOD = 0x05;//counter 0 mode 0 selected
   7   1        TR0 = 1;//strt counter 0
   8   1        while(cnt < 300)
   9   1        {
  10   2          cnt = (TH0*256)+TL0;
  11   2        }
  12   1        led = 0;//turn on AL led
  13   1        TR0 = 0;//stop counter
  14   1        while(1);
  15   1      }


MODULE INFORMATION:   STATIC OVERLAYABLE
   CODE SIZE        =     41    ----
   CONSTANT SIZE    =   ----    ----
   XDATA SIZE       =   ----    ----
   PDATA SIZE       =   ----    ----
   DATA SIZE        =   ----    ----
   IDATA SIZE       =   ----    ----
   BIT SIZE         =   ----    ----
END OF MODULE INFORMATION.


C51 COMPILATION COMPLETE.  0 WARNING(S),  0 ERROR(S)
