C51 COMPILER V9.50a   DIV_CONV                                                             11/16/2022 20:01:31 PAGE 1   


C51 COMPILER V9.50a, COMPILATION OF MODULE DIV_CONV
OBJECT MODULE PLACED IN C:\ISP's\SP_ISP\bin\Debug\div_conv.obj
COMPILER INVOKED BY: C:\Keil\C51\BIN\C51.EXE led_interfacing\div_conv.c BROWSE DEBUG OBJECTEXTEND PRINT(.\div_conv.lst) 
                    -TABS(2) OBJECT(C:\ISP's\SP_ISP\bin\Debug\div_conv.obj)

line level    source

   1          #include<reg51.h>
   2          #include"delay_1ms.c"
   3          #define LED P1
   4          
   5          void main()
   6          {
   7   1      /*
   8   1      {
   9   1        int i,a[8]={0x8E,0x4D,0x2B,0x17,0x17,0x2B,0x4D,0x8E};
  10   1        while(1)
  11   1        {
  12   1          for(i=0;i<8;i++)
  13   1          {
  14   1            LED = a[i];
  15   1            delay_1ms(100);
  16   1          }
  17   1        }
  18   1      }
  19   1      */
  20   1      ///*{
  21   1        int i=0,j=7;
  22   1        for(;i<=7;i++,j--)
  23   1        {
  24   2          LED = ((1<<i)^0x0f)^(1<<j);
  25   2          delay_1ms(500);
  26   2        }
  27   1      }
  28          //*/


MODULE INFORMATION:   STATIC OVERLAYABLE
   CODE SIZE        =     99    ----
   CONSTANT SIZE    =   ----    ----
   XDATA SIZE       =   ----    ----
   PDATA SIZE       =   ----    ----
   DATA SIZE        =   ----    ----
   IDATA SIZE       =   ----    ----
   BIT SIZE         =   ----    ----
END OF MODULE INFORMATION.


C51 COMPILATION COMPLETE.  0 WARNING(S),  0 ERROR(S)
