C51 COMPILER V9.50a   I2C_MAIN                                                             12/22/2022 12:55:42 PAGE 1   


C51 COMPILER V9.50a, COMPILATION OF MODULE I2C_MAIN
OBJECT MODULE PLACED IN C:\SP_ISP\bin\Debug\i2c_main.obj
COMPILER INVOKED BY: C:\Keil\C51\BIN\C51.EXE i2c\i2c_main.c BROWSE DEBUG OBJECTEXTEND PRINT(.\i2c_main.lst) TABS(2) OBJE
                    -CT(C:\SP_ISP\bin\Debug\i2c_main.obj)

line level    source

   1          #include"i2c_header.c"
   2          #include"lcd_header.c"
   3          void main()
   4          {
   5   1        LCD_INIT();
   6   1        LCD_STR("I2C_EEPROM:");
   7   1          i2cdevwrite(0xa0,0x00,'A');
   8   1          LCD_DATA(i2cdevread(0xa0,0x00));
   9   1          while(1);
  10   1      }

C51 FATAL-ERROR -
  ACTION:  CREATING OBJECT-FILE
  FILE:    C:\SP_ISP\bin\Debug\i2c_main.obj
  ERROR:   CAN'T CREATE FILE
C51 TERMINATED.
