C51 COMPILER V9.50a   RTOS                                                                 12/22/2022 12:16:55 PAGE 1   


C51 COMPILER V9.50a, COMPILATION OF MODULE RTOS
OBJECT MODULE PLACED IN C:\SP_ISP\bin\Debug\rtos.obj
COMPILER INVOKED BY: C:\Keil\C51\BIN\C51.EXE i2c\rtos.c BROWSE DEBUG OBJECTEXTEND PRINT(.\rtos.lst) TABS(2) OBJECT(C:\SP
                    -_ISP\bin\Debug\rtos.obj)

line level    source

   1          #include"i2c_header.c"
   2          #include"lcd_header.c"
   3          void main()
   4          {
   5   1        unsigned char t;
   6   1        LCD_INIT();
   7   1        //LCD_STR("TIME-  :  :  ");
   8   1        i2cdevwrite(0xd0,0x00,0x00);
   9   1        i2cdevwrite(0xd0,0x01,30);
  10   1        i2cdevwrite(0xd0,0x02,0x66);
  11   1        while(1)
  12   1        {
  13   2          LCD_DATA(i2cdevread(0xd0,0x02));
  14   2          t=i2cdevread(0xd0,0x02);
  15   2          LCD_DATA(t/16+48);
  16   2          LCD_DATA(t%16+48);
  17   2          LCD_DATA(':');
  18   2          t=i2cdevread(0xd0,0x01);
  19   2          LCD_DATA(t/16+48);
  20   2          LCD_DATA(t%16+48);
  21   2          LCD_DATA(':');
  22   2          t=i2cdevread(0xd0,0x00);
  23   2          LCD_DATA(t/16+48);
  24   2          LCD_DATA(t%16+48);
  25   2        }
  26   1        
  27   1      }


MODULE INFORMATION:   STATIC OVERLAYABLE
   CODE SIZE        =    345    ----
   CONSTANT SIZE    =   ----    ----
   XDATA SIZE       =   ----    ----
   PDATA SIZE       =   ----    ----
   DATA SIZE        =   ----    ----
   IDATA SIZE       =   ----    ----
   BIT SIZE         =   ----    ----
END OF MODULE INFORMATION.


C51 COMPILATION COMPLETE.  0 WARNING(S),  0 ERROR(S)
