C51 COMPILER V9.50a   SCROLL                                                               11/18/2022 18:39:09 PAGE 1   


C51 COMPILER V9.50a, COMPILATION OF MODULE SCROLL
OBJECT MODULE PLACED IN C:\ISP's\SP_ISP\bin\Debug\scroll.obj
COMPILER INVOKED BY: C:\Keil\C51\BIN\C51.EXE lcd_interfacing\scroll.c BROWSE DEBUG OBJECTEXTEND PRINT(.\scroll.lst) TABS
                    -(2) OBJECT(C:\ISP's\SP_ISP\bin\Debug\scroll.obj)

line level    source

   1          //scroll the string from left to right
   2          #include<reg51.h>
   3          #include"lcd_header.c"
   4          void main()
   5          {
   6   1        unsigned char cmd;
   7   1        LCD_INIT();
   8   1        for(cmd=0x80;cmd<=0x8f;cmd++)
   9   1        {
  10   2          LCD_CMD(cmd);
  11   2          LCD_STR("VEDHA");
  12   2          delay_1ms(500);
  13   2          LCD_CMD(0x01);
  14   2        }
  15   1      }


MODULE INFORMATION:   STATIC OVERLAYABLE
   CODE SIZE        =    174    ----
   CONSTANT SIZE    =      6    ----
   XDATA SIZE       =   ----    ----
   PDATA SIZE       =   ----    ----
   DATA SIZE        =   ----       4
   IDATA SIZE       =   ----    ----
   BIT SIZE         =   ----    ----
END OF MODULE INFORMATION.


C51 COMPILATION COMPLETE.  0 WARNING(S),  0 ERROR(S)
