C51 COMPILER V9.50a   SHIFT_LEDS                                                           11/16/2022 17:19:37 PAGE 1   


C51 COMPILER V9.50a, COMPILATION OF MODULE SHIFT_LEDS
OBJECT MODULE PLACED IN C:\ISP's\SP_ISP\bin\Debug\shift_leds.obj
COMPILER INVOKED BY: C:\Keil\C51\BIN\C51.EXE led_interfacing\shift_leds.c BROWSE DEBUG OBJECTEXTEND PRINT(.\shift_leds.l
                    -st) TABS(2) OBJECT(C:\ISP's\SP_ISP\bin\Debug\shift_leds.obj)

line level    source

   1          #include<reg51.h>
   2          #include"delay_1ms.c"
   3          #define LED P1
   4          void main()
   5          {
   6   1        unsigned char pos = 0;
   7   1        while(pos<8)
   8   1        {
   9   2          LED = (1<<pos++)^0x0f;//right to left
  10   2          delay_1ms(10000);
  11   2        }
  12   1        pos = 0;
  13   1        while(pos<8)
  14   1        {
  15   2          LED = (0x80>>pos++)^0x0f;//left to right
  16   2          delay_1ms(10000);
  17   2        }
  18   1      }


MODULE INFORMATION:   STATIC OVERLAYABLE
   CODE SIZE        =     90    ----
   CONSTANT SIZE    =   ----    ----
   XDATA SIZE       =   ----    ----
   PDATA SIZE       =   ----    ----
   DATA SIZE        =   ----    ----
   IDATA SIZE       =   ----    ----
   BIT SIZE         =   ----    ----
END OF MODULE INFORMATION.


C51 COMPILATION COMPLETE.  0 WARNING(S),  0 ERROR(S)
