C51 COMPILER V9.50a   SPL_CHAR                                                             11/18/2022 19:06:45 PAGE 1   


C51 COMPILER V9.50a, COMPILATION OF MODULE SPL_CHAR
OBJECT MODULE PLACED IN C:\ISP's\SP_ISP\bin\Debug\spl_char.obj
COMPILER INVOKED BY: C:\Keil\C51\BIN\C51.EXE lcd_interfacing\spl_char.c BROWSE DEBUG OBJECTEXTEND PRINT(.\spl_char.lst) 
                    -TABS(2) OBJECT(C:\ISP's\SP_ISP\bin\Debug\spl_char.obj)

line level    source

   1          #include<reg51.h>
   2          #include"lcd_header.c"
   3          code unsigned char cgram[]=
   4                        {
   5                          0x04,0x06,0x04,0x04,0x0c,0x1c,0x0c,0x00,
   6                          0x04,0x0a,0x0a,0x0a,0x1b,0x1b,0x1b,0x00
   7                        };
   8          void cgram_write(void);
   9          
  10          void main()
  11          {
  12   1        unsigned char rod,rod1;
  13   1        LCD_INIT();
  14   1        for(rod=0x80,rod1=0x87;rod<=0x8f;rod++,rod1++)
  15   1        {
  16   2          LCD_CMD(rod);
  17   2          LCD_STR("MusiX:");
  18   2          cgram_write();
  19   2          LCD_CMD(rod1);
  20   2          LCD_DATA(0);
  21   2          LCD_DATA(1);
  22   2          delay_1ms(500);
  23   2          LCD_CMD(0x01);
  24   2        }
  25   1        //while(1);
  26   1      }
  27          void cgram_write(void)
  28          {
  29   1        unsigned char k;
  30   1        LCD_CMD(0x40);
  31   1        for(k=0;k<16;k++)
  32   1          LCD_DATA(cgram[k]);
  33   1      }


MODULE INFORMATION:   STATIC OVERLAYABLE
   CODE SIZE        =    220    ----
   CONSTANT SIZE    =     23    ----
   XDATA SIZE       =   ----    ----
   PDATA SIZE       =   ----    ----
   DATA SIZE        =   ----       5
   IDATA SIZE       =   ----    ----
   BIT SIZE         =   ----    ----
END OF MODULE INFORMATION.


C51 COMPILATION COMPLETE.  0 WARNING(S),  0 ERROR(S)
