C51 COMPILER V9.50a   SWITCH_LED                                                           11/17/2022 19:21:53 PAGE 1   


C51 COMPILER V9.50a, COMPILATION OF MODULE SWITCH_LED
OBJECT MODULE PLACED IN C:\ISP's\SP_ISP\bin\Debug\switch_led.obj
COMPILER INVOKED BY: C:\Keil\C51\BIN\C51.EXE led_interfacing\switch_interfacing\switch_led.c BROWSE DEBUG OBJECTEXTEND P
                    -RINT(.\switch_led.lst) TABS(2) OBJECT(C:\ISP's\SP_ISP\bin\Debug\switch_led.obj)

line level    source

   1          #include<reg51.h>
   2          sbit AL_LED = P1^0;
   3          sbit AL_SW  = P1^1;
   4          void main()
   5          {
   6   1        while(1)
   7   1        {
   8   2          if(AL_SW==0)
   9   2            AL_LED = 0;
  10   2          else
  11   2            AL_LED = 1;
  12   2        }
  13   1      }


MODULE INFORMATION:   STATIC OVERLAYABLE
   CODE SIZE        =     11    ----
   CONSTANT SIZE    =   ----    ----
   XDATA SIZE       =   ----    ----
   PDATA SIZE       =   ----    ----
   DATA SIZE        =   ----    ----
   IDATA SIZE       =   ----    ----
   BIT SIZE         =   ----    ----
END OF MODULE INFORMATION.


C51 COMPILATION COMPLETE.  0 WARNING(S),  0 ERROR(S)
