C51 COMPILER V9.50a   SWITCH_BOUNCING                                                      11/17/2022 20:09:12 PAGE 1   


C51 COMPILER V9.50a, COMPILATION OF MODULE SWITCH_BOUNCING
OBJECT MODULE PLACED IN C:\ISP's\SP_ISP\bin\Debug\switch_bouncing.obj
COMPILER INVOKED BY: C:\Keil\C51\BIN\C51.EXE led_interfacing\switch_interfacing\switch_bouncing.c BROWSE DEBUG OBJECTEXT
                    -END PRINT(.\switch_bouncing.lst) TABS(2) OBJECT(C:\ISP's\SP_ISP\bin\Debug\switch_bouncing.obj)

line level    source

   1          #include<reg51.h>
   2          #include"delay_1ms.c"
   3          #define LED P1
   4          sbit SW = P2^0;
   5          void main()
   6          {
   7   1        unsigned char pos = 0;
   8   1        while(pos<8)
   9   1        {
  10   2          if(SW==0)
  11   2          {
  12   3            delay_1ms(200);
  13   3            LED = (1<<pos++)^0x0f;
  14   3            //while(SW==0);
  15   3          }
  16   2        }
  17   1        pos = 0;
  18   1        while(pos<8)
  19   1        {
  20   2          if(SW==0)
  21   2          {
  22   3            delay_1ms(200);
  23   3            LED = (0x80>>pos++)^0x0f;
  24   3            while(SW==0);
  25   3          }
  26   2        }
  27   1      }


MODULE INFORMATION:   STATIC OVERLAYABLE
   CODE SIZE        =    107    ----
   CONSTANT SIZE    =   ----    ----
   XDATA SIZE       =   ----    ----
   PDATA SIZE       =   ----    ----
   DATA SIZE        =   ----    ----
   IDATA SIZE       =   ----    ----
   BIT SIZE         =   ----    ----
END OF MODULE INFORMATION.


C51 COMPILATION COMPLETE.  0 WARNING(S),  0 ERROR(S)
